<?xml version="1.0" encoding="UTF-8"?>
<!-- Generated by org.testng.reporters.JUnitReportReporter -->
<testsuite hostname="DESKTOP-6T8NJI0" failures="0" tests="1" name="TestNGDemo.AutoSuggest" time="18.505" errors="0" timestamp="2023-01-28T17:52:03 IST" skipped="0">
  <testcase classname="TestNGDemo.AutoSuggest" name="selectValues" time="18.505"/>
  <system-out/>
</testsuite> <!-- TestNGDemo.AutoSuggest -->
