<?xml version="1.0" encoding="UTF-8"?>
<!-- Generated by org.testng.reporters.JUnitReportReporter -->
<testsuite hostname="DESKTOP-6T8NJI0" failures="0" tests="2" name="TestNGDemo.AnnotationDemo" time="0.044" errors="0" timestamp="2023-01-22T13:12:20 IST" skipped="0">
  <testcase classname="TestNGDemo.AnnotationDemo" name="validateLogin" time="0.035"/>
  <system-out/>
  <testcase classname="TestNGDemo.AnnotationDemo" name="validateTitle" time="0.009"/>
  <system-out/>
</testsuite> <!-- TestNGDemo.AnnotationDemo -->
