<?xml version="1.0" encoding="UTF-8"?>
<!-- Generated by org.testng.reporters.JUnitReportReporter -->
<testsuite hostname="DESKTOP-6T8NJI0" failures="0" tests="1" name="Seleniumassignments.DataDrivenAssignment" time="3.613" errors="0" timestamp="2023-01-24T13:21:03 IST" skipped="0">
  <testcase classname="Seleniumassignments.DataDrivenAssignment" name="validateLogin" time="3.613"/>
  <system-out/>
</testsuite> <!-- Seleniumassignments.DataDrivenAssignment -->
