<?xml version="1.0" encoding="UTF-8"?>
<!-- Generated by org.testng.reporters.JUnitReportReporter -->
<testsuite hostname="DESKTOP-6T8NJI0" failures="0" tests="4" name="TestNGDemo.PriorityDemo" time="0.098" errors="0" timestamp="2023-01-14T16:10:02 IST" skipped="0">
  <testcase classname="TestNGDemo.PriorityDemo" name="z1" time="0.064"/>
  <system-out/>
  <testcase classname="TestNGDemo.PriorityDemo" name="c1" time="0.010"/>
  <system-out/>
  <testcase classname="TestNGDemo.PriorityDemo" name="a1" time="0.013"/>
  <system-out/>
  <testcase classname="TestNGDemo.PriorityDemo" name="b1" time="0.011"/>
  <system-out/>
</testsuite> <!-- TestNGDemo.PriorityDemo -->
