<?xml version="1.0" encoding="UTF-8"?>
<!-- Generated by org.testng.reporters.JUnitReportReporter -->
<testsuite hostname="DESKTOP-6T8NJI0" failures="0" tests="1" name="Seleniumassignments.TestNGAssignment1" time="3.506" errors="0" timestamp="2023-01-24T13:08:03 IST" skipped="0">
  <testcase classname="Seleniumassignments.TestNGAssignment1" name="validateLogin" time="3.506"/>
  <system-out/>
</testsuite> <!-- Seleniumassignments.TestNGAssignment1 -->
