<?xml version="1.0" encoding="UTF-8"?>
<!-- Generated by org.testng.reporters.JUnitReportReporter -->
<testsuite hostname="DESKTOP-6T8NJI0" failures="0" tests="1" name="TestNGDemo.Demo1" time="1.003" errors="0" timestamp="2023-01-14T17:59:32 IST" skipped="0">
  <testcase classname="TestNGDemo.Demo1" name="enterUserNameAndPassword" time="1.003"/>
  <system-out/>
</testsuite> <!-- TestNGDemo.Demo1 -->
