<?xml version="1.0" encoding="UTF-8"?>
<!-- Generated by org.testng.reporters.JUnitReportReporter -->
<testsuite hostname="DESKTOP-6T8NJI0" failures="0" tests="1" name="TestNGDemo.Assertions" time="20.922" errors="0" timestamp="2023-01-22T14:48:53 IST" skipped="0">
  <testcase classname="TestNGDemo.Assertions" name="validateLoginbtn" time="20.922"/>
  <system-out/>
</testsuite> <!-- TestNGDemo.Assertions -->
