<?xml version="1.0" encoding="UTF-8"?>
<!-- Generated by org.testng.reporters.JUnitReportReporter -->
<testsuite hostname="DESKTOP-6T8NJI0" failures="0" tests="1" name="TestNGDemo.GroupByDemo" time="0.069" errors="0" timestamp="2023-01-22T13:29:39 IST" skipped="0">
  <testcase classname="TestNGDemo.GroupByDemo" name="validateNotification" time="0.069"/>
  <system-out/>
</testsuite> <!-- TestNGDemo.GroupByDemo -->
