<?xml version="1.0" encoding="UTF-8"?>
<!-- Generated by org.testng.reporters.JUnitReportReporter -->
<testsuite hostname="DESKTOP-6T8NJI0" failures="0" tests="4" name="TestNGDemo.InvocationAndEnabled" time="0.100" errors="0" timestamp="2023-01-14T17:38:18 IST" skipped="0">
  <testcase classname="TestNGDemo.InvocationAndEnabled" name="m2" time="0.008"/>
  <system-out/>
  <testcase classname="TestNGDemo.InvocationAndEnabled" name="m1" time="0.011"/>
  <system-out/>
  <testcase classname="TestNGDemo.InvocationAndEnabled" name="m1" time="0.073"/>
  <system-out/>
  <testcase classname="TestNGDemo.InvocationAndEnabled" name="m3" time="0.008"/>
  <system-out/>
</testsuite> <!-- TestNGDemo.InvocationAndEnabled -->
