<?xml version="1.0" encoding="UTF-8"?>
<!-- Generated by org.testng.reporters.JUnitReportReporter -->
<testsuite hostname="DESKTOP-6T8NJI0" failures="0" tests="2" name="TestNGDemo.DataProviderDemo" time="43.489" errors="0" timestamp="2023-01-22T18:36:08 IST" skipped="0">
  <testcase classname="TestNGDemo.DataProviderDemo" name="validateLogin" time="22.368"/>
  <system-out/>
  <testcase classname="TestNGDemo.DataProviderDemo" name="validateLogin" time="21.121"/>
  <system-out/>
</testsuite> <!-- TestNGDemo.DataProviderDemo -->
