<?xml version="1.0" encoding="UTF-8"?>
<!-- Generated by org.testng.reporters.JUnitReportReporter -->
<testsuite hostname="DESKTOP-6T8NJI0" failures="0" tests="1" name="TestNGDemo.XmlParameters" time="20.855" errors="0" timestamp="2023-01-22T13:43:29 IST" skipped="0">
  <testcase classname="TestNGDemo.XmlParameters" name="validateLogin" time="20.855"/>
  <system-out/>
</testsuite> <!-- TestNGDemo.XmlParameters -->
